<?xml version="1.0" encoding="UTF-8"?>
<!-- Generated by org.testng.reporters.JUnitReportReporter -->
<testsuite hostname="LAPTOP-HOGPFNG0" failures="0" tests="1" name="testNGPractice.lmgroupTest" time="0.014" errors="0" timestamp="2025-05-05T20:31:52 EDT" skipped="0">
  <testcase classname="testNGPractice.lmgroupTest" name="explorePage" time="0.014"/>
</testsuite> <!-- testNGPractice.lmgroupTest -->
