<?xml version="1.0" encoding="UTF-8"?>
<!-- Generated by org.testng.reporters.JUnitReportReporter -->
<testsuite hostname="LAPTOP-HOGPFNG0" failures="0" tests="2" name="testNGPractice.lmUsingAnnotations" time="12.906" errors="0" timestamp="2025-05-22T14:27:45 EDT" skipped="0">
  <testcase classname="testNGPractice.lmUsingAnnotations" name="verify" time="7.676"/>
  <testcase classname="testNGPractice.lmUsingAnnotations" name="logout" time="5.230"/>
</testsuite> <!-- testNGPractice.lmUsingAnnotations -->
