<?xml version="1.0" encoding="UTF-8"?>
<!-- Generated by org.testng.reporters.JUnitReportReporter -->
<testsuite hostname="LAPTOP-HOGPFNG0" failures="0" tests="3" name="testNGPractice.lmGroupLogin" time="20.964" errors="0" timestamp="2025-05-16T14:03:50 EDT" skipped="0">
  <testcase classname="testNGPractice.lmGroupLogin" name="verify" time="7.493"/>
  <testcase classname="testNGPractice.lmGroupLogin" name="searchDemos" time="9.668"/>
  <testcase classname="testNGPractice.lmGroupLogin" name="logout" time="3.803"/>
</testsuite> <!-- testNGPractice.lmGroupLogin -->
