<?xml version="1.0" encoding="UTF-8"?>
<!-- Generated by org.testng.reporters.JUnitReportReporter -->
<testsuite hostname="LAPTOP-HOGPFNG0" failures="0" tests="2" name="testNGPractice.AnnotationClass" time="0.018" errors="0" timestamp="2025-05-22T14:27:01 EDT" skipped="0">
  <testcase classname="testNGPractice.AnnotationClass" name="test2" time="0.009"/>
  <testcase classname="testNGPractice.AnnotationClass" name="test1" time="0.009"/>
</testsuite> <!-- testNGPractice.AnnotationClass -->
